<?xml version="1.0" encoding="UTF-8"?>
<!-- Generated by org.testng.reporters.JUnitXMLReporter -->
<testsuite hostname="Lenovo" ignored="0" name="Test" tests="15" failures="0" timestamp="08 Jan 2020 22:30:54 GMT" time="83.142" errors="0">
  <testcase name="verifyDress" time="0.163" classname="Tests.Loginpagetest"/>
  <testcase name="verifyDressTag" time="2.428" classname="Tests.Loginpagetest"/>
  <testcase name="verifyNewsLtr" time="3.572" classname="Tests.Loginpagetest"/>
  <testcase name="verifyTshirt" time="0.108" classname="Tests.Loginpagetest"/>
  <testcase name="verifyTshirtTag" time="1.994" classname="Tests.Loginpagetest"/>
  <testcase name="verifyWomen" time="0.096" classname="Tests.Loginpagetest"/>
  <testcase name="verifyWomenTag" time="0.032" classname="Tests.Loginpagetest"/>
  <testcase name="verifyDesc" time="7.151" classname="Tests.Dresspagetest"/>
  <testcase name="verifyLSize" time="0.105" classname="Tests.Dresspagetest"/>
  <testcase name="verifyMSize" time="0.108" classname="Tests.Dresspagetest"/>
  <testcase name="verifyProductCount" time="2.749" classname="Tests.Dresspagetest"/>
  <testcase name="verifySSize" time="0.135" classname="Tests.Dresspagetest"/>
  <testcase name="verifyShare" time="6.348" classname="Tests.Dresspagetest"/>
  <testcase name="verifyTweet" time="5.669" classname="Tests.Dresspagetest"/>
  <testcase name="verifycart" time="6.058" classname="Tests.Dresspagetest"/>
</testsuite> <!-- Test -->
