<?xml version="1.0" encoding="UTF-8"?>
<testng-results skipped="0" failed="0" ignored="0" total="1" passed="1">
  <reporter-output>
  </reporter-output>
  <suite name="Suite" duration-ms="25468" started-at="2020-01-05T18:56:13Z" finished-at="2020-01-05T18:56:38Z">
    <groups>
    </groups>
    <test name="Test" duration-ms="25468" started-at="2020-01-05T18:56:13Z" finished-at="2020-01-05T18:56:38Z">
      <class name="Tests.Launch">
        <test-method status="PASS" signature="openGoogle()[pri:0, instance:Tests.Launch@45c8e616]" name="openGoogle" duration-ms="24982" started-at="2020-01-05T10:56:13Z" finished-at="2020-01-05T10:56:38Z">
          <reporter-output>
          </reporter-output>
        </test-method> <!-- openGoogle -->
      </class> <!-- Tests.Launch -->
    </test> <!-- Test -->
  </suite> <!-- Suite -->
</testng-results>
